<?xml version="1.0" encoding="UTF-8"?>
<!-- Generated by org.testng.reporters.JUnitReportReporter -->
<testsuite hostname="pop-os" failures="0" tests="1" name="testCases.checktitles.CheckHomeTitle" time="0.013" errors="0" timestamp="2021-10-08T11:59:08 IST" skipped="0">
  <testcase classname="testCases.checktitles.CheckHomeTitle" name="checkHomeTitle" time="0.013"/>
  <system-out/>
</testsuite> <!-- testCases.checktitles.CheckHomeTitle -->
